<?xml version="1.0" encoding="UTF-8"?>
<!-- Generated by org.testng.reporters.JUnitReportReporter -->
<testsuite hostname="Geetha" failures="0" tests="2" name="firstproject.LoginPage" time="26.558" errors="0" timestamp="2025-07-05T13:58:30 IST" skipped="0">
  <testcase classname="firstproject.LoginPage" name="testLogin" time="13.137"/>
  <testcase classname="firstproject.LoginPage" name="testLogin" time="13.421"/>
</testsuite> <!-- firstproject.LoginPage -->
